<?xml version="1.0" encoding="UTF-8"?>
<testng-results skipped="0" failed="1" ignored="0" total="3" passed="2">
  <reporter-output>
  </reporter-output>
  <suite name="Suite" duration-ms="14582" started-at="2021-03-01T18:57:32 IST" finished-at="2021-03-01T18:57:46 IST">
    <groups>
    </groups>
    <test name="Test" duration-ms="14582" started-at="2021-03-01T18:57:32 IST" finished-at="2021-03-01T18:57:46 IST">
      <class name="com.pratian.testclasses.AddFlightTest">
        <test-method status="PASS" signature="setup(java.lang.String)[pri:0, instance:com.pratian.testclasses.AddFlightTest@623a8092]" name="setup" is-config="true" duration-ms="3828" started-at="2021-03-01T18:57:32 IST" finished-at="2021-03-01T18:57:35 IST">
          <params>
            <param index="0">
              <value>
                <![CDATA[chrome]]>
              </value>
            </param>
          </params>
          <reporter-output>
          </reporter-output>
        </test-method> <!-- setup -->
        <test-method status="PASS" signature="webPageNavigation()[pri:0, instance:com.pratian.testclasses.AddFlightTest@623a8092]" name="webPageNavigation" duration-ms="6981" started-at="2021-03-01T18:57:35 IST" finished-at="2021-03-01T18:57:42 IST">
          <reporter-output>
          </reporter-output>
        </test-method> <!-- webPageNavigation -->
        <test-method status="PASS" signature="signInuser(java.lang.String, java.lang.String)[pri:2, instance:com.pratian.testclasses.AddFlightTest@623a8092]" name="signInuser" duration-ms="760" started-at="2021-03-01T18:57:42 IST" data-provider="signIn" finished-at="2021-03-01T18:57:43 IST">
          <params>
            <param index="0">
              <value>
                <![CDATA[admin@mindtree.com]]>
              </value>
            </param>
            <param index="1">
              <value>
                <![CDATA[admin]]>
              </value>
            </param>
          </params>
          <reporter-output>
          </reporter-output>
        </test-method> <!-- signInuser -->
        <test-method status="FAIL" signature="clickAddFlight(java.lang.String)[pri:4, instance:com.pratian.testclasses.AddFlightTest@623a8092]" name="clickAddFlight" duration-ms="2911" started-at="2021-03-01T18:57:43 IST" data-provider="Flight name" finished-at="2021-03-01T18:57:46 IST">
          <params>
            <param index="0">
              <value>
                <![CDATA[deccan240]]>
              </value>
            </param>
          </params>
          <exception class="java.lang.AssertionError">
            <message>
              <![CDATA[expected [Flight added successfuly] but found [Add Flight]]]>
            </message>
            <full-stacktrace>
              <![CDATA[java.lang.AssertionError: expected [Flight added successfuly] but found [Add Flight]
at org.testng.Assert.fail(Assert.java:97)
at org.testng.Assert.assertEqualsImpl(Assert.java:136)
at org.testng.Assert.assertEquals(Assert.java:118)
at org.testng.Assert.assertEquals(Assert.java:575)
at org.testng.Assert.assertEquals(Assert.java:585)
at com.pratian.testclasses.AddFlightTest.clickAddFlight(AddFlightTest.java:146)
at sun.reflect.NativeMethodAccessorImpl.invoke0(Native Method)
at sun.reflect.NativeMethodAccessorImpl.invoke(NativeMethodAccessorImpl.java:62)
at sun.reflect.DelegatingMethodAccessorImpl.invoke(DelegatingMethodAccessorImpl.java:43)
at java.lang.reflect.Method.invoke(Method.java:498)
at org.testng.internal.MethodInvocationHelper.invokeMethod(MethodInvocationHelper.java:134)
at org.testng.internal.TestInvoker.invokeMethod(TestInvoker.java:597)
at org.testng.internal.TestInvoker.invokeTestMethod(TestInvoker.java:173)
at org.testng.internal.MethodRunner.runInSequence(MethodRunner.java:46)
at org.testng.internal.TestInvoker$MethodInvocationAgent.invoke(TestInvoker.java:816)
at org.testng.internal.TestInvoker.invokeTestMethods(TestInvoker.java:146)
at org.testng.internal.TestMethodWorker.invokeTestMethods(TestMethodWorker.java:146)
at org.testng.internal.TestMethodWorker.run(TestMethodWorker.java:128)
at java.util.ArrayList.forEach(ArrayList.java:1249)
at org.testng.TestRunner.privateRun(TestRunner.java:766)
at org.testng.TestRunner.run(TestRunner.java:587)
at org.testng.SuiteRunner.runTest(SuiteRunner.java:384)
at org.testng.SuiteRunner.runSequentially(SuiteRunner.java:378)
at org.testng.SuiteRunner.privateRun(SuiteRunner.java:337)
at org.testng.SuiteRunner.run(SuiteRunner.java:286)
at org.testng.SuiteRunnerWorker.runSuite(SuiteRunnerWorker.java:53)
at org.testng.SuiteRunnerWorker.run(SuiteRunnerWorker.java:96)
at org.testng.TestNG.runSuitesSequentially(TestNG.java:1187)
at org.testng.TestNG.runSuitesLocally(TestNG.java:1109)
at org.testng.TestNG.runSuites(TestNG.java:1039)
at org.testng.TestNG.run(TestNG.java:1007)
at org.testng.remote.AbstractRemoteTestNG.run(AbstractRemoteTestNG.java:115)
at org.testng.remote.RemoteTestNG.initAndRun(RemoteTestNG.java:251)
at org.testng.remote.RemoteTestNG.main(RemoteTestNG.java:77)
]]>
            </full-stacktrace>
          </exception> <!-- java.lang.AssertionError -->
          <reporter-output>
          </reporter-output>
        </test-method> <!-- clickAddFlight -->
      </class> <!-- com.pratian.testclasses.AddFlightTest -->
    </test> <!-- Test -->
  </suite> <!-- Suite -->
</testng-results>
