<?xml version="1.0" encoding="UTF-8"?>
<!-- Generated by org.testng.reporters.JUnitXMLReporter -->
<testsuite hostname="Saishanmuk" ignored="2" name="Default test" tests="1" failures="0" timestamp="2021-03-01T13:33:03 IST" time="6.957" errors="0">
  <testcase name="webPageNavigation" time="3.422" classname="com.pratian.testclasses.AddFlightTest"/>
  <testcase name="signInuser" time="0.0" classname="com.pratian.testclasses.AddFlightTest">
    <ignored/>
  </testcase> <!-- signInuser -->
  <testcase name="clickAddFlight" time="0.0" classname="com.pratian.testclasses.AddFlightTest">
    <ignored/>
  </testcase> <!-- clickAddFlight -->
</testsuite> <!-- Default test -->
